Building DAG of jobs...
Provided cores: 1
Rules claiming more threads will be scaled down.
Job counts:
	count	jobs
	1	all
	1	biovar_assignment
	1	blast_database
	1	blast_master_fasta
	1	blast_output
	1	blast_search
	6

rule blast_master_fasta:
    input: ../../Approved_Sequences/, suis_meta.py
    output: suis_master.fna
    jobid: 5
    reason: Missing output files: suis_master.fna

Finished job 5.
1 of 6 steps (17%) done

rule blast_database:
    input: suis_master.fna
    output: blast/suis_db.ndb
    jobid: 4
    reason: Missing output files: blast/suis_db.ndb; Input files updated by another job: suis_master.fna

Finished job 4.
2 of 6 steps (33%) done

rule blast_search:
    input: query_file.fna, blast/suis_db.ndb
    output: blast/blast_search_output.tsv
    jobid: 3
    reason: Missing output files: blast/blast_search_output.tsv; Input files updated by another job: blast/suis_db.ndb

Will exit after finishing currently running jobs.
Exiting because a job execution failed. Look above for error message
Complete log: .snakemake/log/2019-12-02T104250.443673.snakemake.log
