Building DAG of jobs...
Provided cores: 1
Rules claiming more threads will be scaled down.
Job counts:
	count	jobs
	1	all
	1	biovar_assignment
	1	blast_output
	1	blast_search
	4

rule blast_search:
    input: query_file.fna, blast/suis_db.ndb
    output: blast/blast_search_output.tsv
    jobid: 3
    reason: Missing output files: blast/blast_search_output.tsv

Finished job 3.
1 of 4 steps (25%) done

rule blast_output:
    input: blast/blast_search_output.tsv, blast_output.py
    output: Blast_Primer_Matching.csv
    jobid: 2
    reason: Missing output files: Blast_Primer_Matching.csv; Input files updated by another job: blast/blast_search_output.tsv

Finished job 2.
2 of 4 steps (50%) done

rule biovar_assignment:
    input: biovar_assignment.py, Blast_Primer_Matching.csv
    output: Suis_Biovar.csv
    jobid: 1
    reason: Missing output files: Suis_Biovar.csv; Input files updated by another job: Blast_Primer_Matching.csv

Finished job 1.
3 of 4 steps (75%) done

localrule all:
    input: Suis_Biovar.csv
    jobid: 0
    reason: Input files updated by another job: Suis_Biovar.csv

Finished job 0.
4 of 4 steps (100%) done
