Building DAG of jobs...
Provided cores: 1
Rules claiming more threads will be scaled down.
Job counts:
	count	jobs
	1	all
	1	all_jellyfish_count
	1	all_jellyfish_dump
	58	count
	58	dump
	1	jellyfish_complete
	120

rule count:
    input: ../../Approved_Sequences/GCF_900446145_1_59071_D01_genomic.fna
    output: suis_jellyfish_output/GCF_900446145_1_59071_D01_genomic.jf
    jobid: 101
    reason: Missing output files: suis_jellyfish_output/GCF_900446145_1_59071_D01_genomic.jf
    wildcards: samples=GCF_900446145_1_59071_D01_genomic

Finished job 101.
1 of 120 steps (0.83%) done

rule dump:
    input: suis_jellyfish_output/GCF_900446145_1_59071_D01_genomic.jf
    output: suis_jellyfish_output/GCF_900446145_1_59071_D01_genomic.fna
    jobid: 42
    reason: Missing output files: suis_jellyfish_output/GCF_900446145_1_59071_D01_genomic.fna; Input files updated by another job: suis_jellyfish_output/GCF_900446145_1_59071_D01_genomic.jf
    wildcards: samples=GCF_900446145_1_59071_D01_genomic

Removing temporary output file suis_jellyfish_output/GCF_900446145_1_59071_D01_genomic.jf.
Finished job 42.
2 of 120 steps (2%) done

rule count:
    input: ../../Approved_Sequences/GCF_000371205_1_Bruc_suis_F5_05-4_V1_genomic.fna
    output: suis_jellyfish_output/GCF_000371205_1_Bruc_suis_F5_05-4_V1_genomic.jf
    jobid: 75
    reason: Missing output files: suis_jellyfish_output/GCF_000371205_1_Bruc_suis_F5_05-4_V1_genomic.jf
    wildcards: samples=GCF_000371205_1_Bruc_suis_F5_05-4_V1_genomic

Finished job 75.
3 of 120 steps (2%) done

rule dump:
    input: suis_jellyfish_output/GCF_000371205_1_Bruc_suis_F5_05-4_V1_genomic.jf
    output: suis_jellyfish_output/GCF_000371205_1_Bruc_suis_F5_05-4_V1_genomic.fna
    jobid: 16
    reason: Missing output files: suis_jellyfish_output/GCF_000371205_1_Bruc_suis_F5_05-4_V1_genomic.fna; Input files updated by another job: suis_jellyfish_output/GCF_000371205_1_Bruc_suis_F5_05-4_V1_genomic.jf
    wildcards: samples=GCF_000371205_1_Bruc_suis_F5_05-4_V1_genomic

Removing temporary output file suis_jellyfish_output/GCF_000371205_1_Bruc_suis_F5_05-4_V1_genomic.jf.
Finished job 16.
4 of 120 steps (3%) done

rule count:
    input: ../../Approved_Sequences/GCF_000371185_1_Bruc_suis_5_05-10_V1_genomic.fna
    output: suis_jellyfish_output/GCF_000371185_1_Bruc_suis_5_05-10_V1_genomic.jf
    jobid: 95
    reason: Missing output files: suis_jellyfish_output/GCF_000371185_1_Bruc_suis_5_05-10_V1_genomic.jf
    wildcards: samples=GCF_000371185_1_Bruc_suis_5_05-10_V1_genomic

Finished job 95.
5 of 120 steps (4%) done

rule dump:
    input: suis_jellyfish_output/GCF_000371185_1_Bruc_suis_5_05-10_V1_genomic.jf
    output: suis_jellyfish_output/GCF_000371185_1_Bruc_suis_5_05-10_V1_genomic.fna
    jobid: 36
    reason: Missing output files: suis_jellyfish_output/GCF_000371185_1_Bruc_suis_5_05-10_V1_genomic.fna; Input files updated by another job: suis_jellyfish_output/GCF_000371185_1_Bruc_suis_5_05-10_V1_genomic.jf
    wildcards: samples=GCF_000371185_1_Bruc_suis_5_05-10_V1_genomic

Removing temporary output file suis_jellyfish_output/GCF_000371185_1_Bruc_suis_5_05-10_V1_genomic.jf.
Finished job 36.
6 of 120 steps (5%) done

rule count:
    input: ../../Approved_Sequences/GCF_000371225_1_Bruc_suis_F7_06-1_V1_genomic.fna
    output: suis_jellyfish_output/GCF_000371225_1_Bruc_suis_F7_06-1_V1_genomic.jf
    jobid: 114
    reason: Missing output files: suis_jellyfish_output/GCF_000371225_1_Bruc_suis_F7_06-1_V1_genomic.jf
    wildcards: samples=GCF_000371225_1_Bruc_suis_F7_06-1_V1_genomic

Finished job 114.
7 of 120 steps (6%) done

rule dump:
    input: suis_jellyfish_output/GCF_000371225_1_Bruc_suis_F7_06-1_V1_genomic.jf
    output: suis_jellyfish_output/GCF_000371225_1_Bruc_suis_F7_06-1_V1_genomic.fna
    jobid: 55
    reason: Missing output files: suis_jellyfish_output/GCF_000371225_1_Bruc_suis_F7_06-1_V1_genomic.fna; Input files updated by another job: suis_jellyfish_output/GCF_000371225_1_Bruc_suis_F7_06-1_V1_genomic.jf
    wildcards: samples=GCF_000371225_1_Bruc_suis_F7_06-1_V1_genomic

Removing temporary output file suis_jellyfish_output/GCF_000371225_1_Bruc_suis_F7_06-1_V1_genomic.jf.
Finished job 55.
8 of 120 steps (7%) done

rule count:
    input: ../../Approved_Sequences/GCF_000371245_1_Bruc_suis_F7_06-2_V1_genomic.fna
    output: suis_jellyfish_output/GCF_000371245_1_Bruc_suis_F7_06-2_V1_genomic.jf
    jobid: 115
    reason: Missing output files: suis_jellyfish_output/GCF_000371245_1_Bruc_suis_F7_06-2_V1_genomic.jf
    wildcards: samples=GCF_000371245_1_Bruc_suis_F7_06-2_V1_genomic

Finished job 115.
9 of 120 steps (8%) done

rule dump:
    input: suis_jellyfish_output/GCF_000371245_1_Bruc_suis_F7_06-2_V1_genomic.jf
    output: suis_jellyfish_output/GCF_000371245_1_Bruc_suis_F7_06-2_V1_genomic.fna
    jobid: 56
    reason: Missing output files: suis_jellyfish_output/GCF_000371245_1_Bruc_suis_F7_06-2_V1_genomic.fna; Input files updated by another job: suis_jellyfish_output/GCF_000371245_1_Bruc_suis_F7_06-2_V1_genomic.jf
    wildcards: samples=GCF_000371245_1_Bruc_suis_F7_06-2_V1_genomic

Removing temporary output file suis_jellyfish_output/GCF_000371245_1_Bruc_suis_F7_06-2_V1_genomic.jf.
Finished job 56.
10 of 120 steps (8%) done

rule count:
    input: ../../Approved_Sequences/GCF_000371305_1_Bruc_suis_F8_06-3_V1_genomic.fna
    output: suis_jellyfish_output/GCF_000371305_1_Bruc_suis_F8_06-3_V1_genomic.jf
    jobid: 69
    reason: Missing output files: suis_jellyfish_output/GCF_000371305_1_Bruc_suis_F8_06-3_V1_genomic.jf
    wildcards: samples=GCF_000371305_1_Bruc_suis_F8_06-3_V1_genomic

Finished job 69.
11 of 120 steps (9%) done

rule dump:
    input: suis_jellyfish_output/GCF_000371305_1_Bruc_suis_F8_06-3_V1_genomic.jf
    output: suis_jellyfish_output/GCF_000371305_1_Bruc_suis_F8_06-3_V1_genomic.fna
    jobid: 10
    reason: Missing output files: suis_jellyfish_output/GCF_000371305_1_Bruc_suis_F8_06-3_V1_genomic.fna; Input files updated by another job: suis_jellyfish_output/GCF_000371305_1_Bruc_suis_F8_06-3_V1_genomic.jf
    wildcards: samples=GCF_000371305_1_Bruc_suis_F8_06-3_V1_genomic

Removing temporary output file suis_jellyfish_output/GCF_000371305_1_Bruc_suis_F8_06-3_V1_genomic.jf.
Finished job 10.
12 of 120 steps (10%) done

rule count:
    input: ../../Approved_Sequences/GCF_000371265_1_Bruc_suis_F7_06-5_V1_genomic.fna
    output: suis_jellyfish_output/GCF_000371265_1_Bruc_suis_F7_06-5_V1_genomic.jf
    jobid: 84
    reason: Missing output files: suis_jellyfish_output/GCF_000371265_1_Bruc_suis_F7_06-5_V1_genomic.jf
    wildcards: samples=GCF_000371265_1_Bruc_suis_F7_06-5_V1_genomic

Finished job 84.
13 of 120 steps (11%) done

rule dump:
    input: suis_jellyfish_output/GCF_000371265_1_Bruc_suis_F7_06-5_V1_genomic.jf
    output: suis_jellyfish_output/GCF_000371265_1_Bruc_suis_F7_06-5_V1_genomic.fna
    jobid: 25
    reason: Missing output files: suis_jellyfish_output/GCF_000371265_1_Bruc_suis_F7_06-5_V1_genomic.fna; Input files updated by another job: suis_jellyfish_output/GCF_000371265_1_Bruc_suis_F7_06-5_V1_genomic.jf
    wildcards: samples=GCF_000371265_1_Bruc_suis_F7_06-5_V1_genomic

Removing temporary output file suis_jellyfish_output/GCF_000371265_1_Bruc_suis_F7_06-5_V1_genomic.jf.
Finished job 25.
14 of 120 steps (12%) done

rule count:
    input: ../../Approved_Sequences/GCF_000698325_1_ASM69832v1_genomic.fna
    output: suis_jellyfish_output/GCF_000698325_1_ASM69832v1_genomic.jf
    jobid: 72
    reason: Missing output files: suis_jellyfish_output/GCF_000698325_1_ASM69832v1_genomic.jf
    wildcards: samples=GCF_000698325_1_ASM69832v1_genomic

Finished job 72.
15 of 120 steps (12%) done

rule dump:
    input: suis_jellyfish_output/GCF_000698325_1_ASM69832v1_genomic.jf
    output: suis_jellyfish_output/GCF_000698325_1_ASM69832v1_genomic.fna
    jobid: 13
    reason: Missing output files: suis_jellyfish_output/GCF_000698325_1_ASM69832v1_genomic.fna; Input files updated by another job: suis_jellyfish_output/GCF_000698325_1_ASM69832v1_genomic.jf
    wildcards: samples=GCF_000698325_1_ASM69832v1_genomic

Removing temporary output file suis_jellyfish_output/GCF_000698325_1_ASM69832v1_genomic.jf.
Finished job 13.
16 of 120 steps (13%) done

rule count:
    input: ../../Approved_Sequences/GCF_000698345_1_ASM69834v1_genomic.fna
    output: suis_jellyfish_output/GCF_000698345_1_ASM69834v1_genomic.jf
    jobid: 99
    reason: Missing output files: suis_jellyfish_output/GCF_000698345_1_ASM69834v1_genomic.jf
    wildcards: samples=GCF_000698345_1_ASM69834v1_genomic

Finished job 99.
17 of 120 steps (14%) done

rule dump:
    input: suis_jellyfish_output/GCF_000698345_1_ASM69834v1_genomic.jf
    output: suis_jellyfish_output/GCF_000698345_1_ASM69834v1_genomic.fna
    jobid: 40
    reason: Missing output files: suis_jellyfish_output/GCF_000698345_1_ASM69834v1_genomic.fna; Input files updated by another job: suis_jellyfish_output/GCF_000698345_1_ASM69834v1_genomic.jf
    wildcards: samples=GCF_000698345_1_ASM69834v1_genomic

Removing temporary output file suis_jellyfish_output/GCF_000698345_1_ASM69834v1_genomic.jf.
Finished job 40.
18 of 120 steps (15%) done

rule count:
    input: ../../Approved_Sequences/GCF_000292005_1_ASM29200v2_genomic.fna
    output: suis_jellyfish_output/GCF_000292005_1_ASM29200v2_genomic.jf
    jobid: 71
    reason: Missing output files: suis_jellyfish_output/GCF_000292005_1_ASM29200v2_genomic.jf
    wildcards: samples=GCF_000292005_1_ASM29200v2_genomic

Finished job 71.
19 of 120 steps (16%) done

rule dump:
    input: suis_jellyfish_output/GCF_000292005_1_ASM29200v2_genomic.jf
    output: suis_jellyfish_output/GCF_000292005_1_ASM29200v2_genomic.fna
    jobid: 12
    reason: Missing output files: suis_jellyfish_output/GCF_000292005_1_ASM29200v2_genomic.fna; Input files updated by another job: suis_jellyfish_output/GCF_000292005_1_ASM29200v2_genomic.jf
    wildcards: samples=GCF_000292005_1_ASM29200v2_genomic

Removing temporary output file suis_jellyfish_output/GCF_000292005_1_ASM29200v2_genomic.jf.
Finished job 12.
20 of 120 steps (17%) done

rule count:
    input: ../../Approved_Sequences/GCF_000371165_1_Bruc_suis_F12_02_V1_genomic.fna
    output: suis_jellyfish_output/GCF_000371165_1_Bruc_suis_F12_02_V1_genomic.jf
    jobid: 87
    reason: Missing output files: suis_jellyfish_output/GCF_000371165_1_Bruc_suis_F12_02_V1_genomic.jf
    wildcards: samples=GCF_000371165_1_Bruc_suis_F12_02_V1_genomic

Finished job 87.
21 of 120 steps (18%) done

rule dump:
    input: suis_jellyfish_output/GCF_000371165_1_Bruc_suis_F12_02_V1_genomic.jf
    output: suis_jellyfish_output/GCF_000371165_1_Bruc_suis_F12_02_V1_genomic.fna
    jobid: 28
    reason: Missing output files: suis_jellyfish_output/GCF_000371165_1_Bruc_suis_F12_02_V1_genomic.fna; Input files updated by another job: suis_jellyfish_output/GCF_000371165_1_Bruc_suis_F12_02_V1_genomic.jf
    wildcards: samples=GCF_000371165_1_Bruc_suis_F12_02_V1_genomic

Removing temporary output file suis_jellyfish_output/GCF_000371165_1_Bruc_suis_F12_02_V1_genomic.jf.
Finished job 28.
22 of 120 steps (18%) done

rule count:
    input: ../../Approved_Sequences/GCF_000698285_1_ASM69828v1_genomic.fna
    output: suis_jellyfish_output/GCF_000698285_1_ASM69828v1_genomic.jf
    jobid: 96
    reason: Missing output files: suis_jellyfish_output/GCF_000698285_1_ASM69828v1_genomic.jf
    wildcards: samples=GCF_000698285_1_ASM69828v1_genomic

Finished job 96.
23 of 120 steps (19%) done

rule dump:
    input: suis_jellyfish_output/GCF_000698285_1_ASM69828v1_genomic.jf
    output: suis_jellyfish_output/GCF_000698285_1_ASM69828v1_genomic.fna
    jobid: 37
    reason: Missing output files: suis_jellyfish_output/GCF_000698285_1_ASM69828v1_genomic.fna; Input files updated by another job: suis_jellyfish_output/GCF_000698285_1_ASM69828v1_genomic.jf
    wildcards: samples=GCF_000698285_1_ASM69828v1_genomic

Removing temporary output file suis_jellyfish_output/GCF_000698285_1_ASM69828v1_genomic.jf.
Finished job 37.
24 of 120 steps (20%) done

rule count:
    input: ../../Approved_Sequences/GCF_000366225_1_Bruc_suis_92_63_V1_genomic.fna
    output: suis_jellyfish_output/GCF_000366225_1_Bruc_suis_92_63_V1_genomic.jf
    jobid: 66
    reason: Missing output files: suis_jellyfish_output/GCF_000366225_1_Bruc_suis_92_63_V1_genomic.jf
    wildcards: samples=GCF_000366225_1_Bruc_suis_92_63_V1_genomic

Finished job 66.
25 of 120 steps (21%) done

rule dump:
    input: suis_jellyfish_output/GCF_000366225_1_Bruc_suis_92_63_V1_genomic.jf
    output: suis_jellyfish_output/GCF_000366225_1_Bruc_suis_92_63_V1_genomic.fna
    jobid: 7
    reason: Missing output files: suis_jellyfish_output/GCF_000366225_1_Bruc_suis_92_63_V1_genomic.fna; Input files updated by another job: suis_jellyfish_output/GCF_000366225_1_Bruc_suis_92_63_V1_genomic.jf
    wildcards: samples=GCF_000366225_1_Bruc_suis_92_63_V1_genomic

Removing temporary output file suis_jellyfish_output/GCF_000366225_1_Bruc_suis_92_63_V1_genomic.jf.
Finished job 7.
26 of 120 steps (22%) done

rule count:
    input: ../../Approved_Sequences/GCF_000698245_1_ASM69824v1_genomic.fna
    output: suis_jellyfish_output/GCF_000698245_1_ASM69824v1_genomic.jf
    jobid: 119
    reason: Missing output files: suis_jellyfish_output/GCF_000698245_1_ASM69824v1_genomic.jf
    wildcards: samples=GCF_000698245_1_ASM69824v1_genomic

Finished job 119.
27 of 120 steps (22%) done

rule dump:
    input: suis_jellyfish_output/GCF_000698245_1_ASM69824v1_genomic.jf
    output: suis_jellyfish_output/GCF_000698245_1_ASM69824v1_genomic.fna
    jobid: 60
    reason: Missing output files: suis_jellyfish_output/GCF_000698245_1_ASM69824v1_genomic.fna; Input files updated by another job: suis_jellyfish_output/GCF_000698245_1_ASM69824v1_genomic.jf
    wildcards: samples=GCF_000698245_1_ASM69824v1_genomic

Removing temporary output file suis_jellyfish_output/GCF_000698245_1_ASM69824v1_genomic.jf.
Finished job 60.
28 of 120 steps (23%) done

rule count:
    input: ../../Approved_Sequences/GCF_000018905_1_ASM1890v1_genomic.fna
    output: suis_jellyfish_output/GCF_000018905_1_ASM1890v1_genomic.jf
    jobid: 73
    reason: Missing output files: suis_jellyfish_output/GCF_000018905_1_ASM1890v1_genomic.jf
    wildcards: samples=GCF_000018905_1_ASM1890v1_genomic

Finished job 73.
29 of 120 steps (24%) done

rule dump:
    input: suis_jellyfish_output/GCF_000018905_1_ASM1890v1_genomic.jf
    output: suis_jellyfish_output/GCF_000018905_1_ASM1890v1_genomic.fna
    jobid: 14
    reason: Missing output files: suis_jellyfish_output/GCF_000018905_1_ASM1890v1_genomic.fna; Input files updated by another job: suis_jellyfish_output/GCF_000018905_1_ASM1890v1_genomic.jf
    wildcards: samples=GCF_000018905_1_ASM1890v1_genomic

Removing temporary output file suis_jellyfish_output/GCF_000018905_1_ASM1890v1_genomic.jf.
Finished job 14.
30 of 120 steps (25%) done

rule count:
    input: ../../Approved_Sequences/GCF_000699025_1_ASM69902v1_genomic.fna
    output: suis_jellyfish_output/GCF_000699025_1_ASM69902v1_genomic.jf
    jobid: 78
    reason: Missing output files: suis_jellyfish_output/GCF_000699025_1_ASM69902v1_genomic.jf
    wildcards: samples=GCF_000699025_1_ASM69902v1_genomic

Finished job 78.
31 of 120 steps (26%) done

rule dump:
    input: suis_jellyfish_output/GCF_000699025_1_ASM69902v1_genomic.jf
    output: suis_jellyfish_output/GCF_000699025_1_ASM69902v1_genomic.fna
    jobid: 19
    reason: Missing output files: suis_jellyfish_output/GCF_000699025_1_ASM69902v1_genomic.fna; Input files updated by another job: suis_jellyfish_output/GCF_000699025_1_ASM69902v1_genomic.jf
    wildcards: samples=GCF_000699025_1_ASM69902v1_genomic

Removing temporary output file suis_jellyfish_output/GCF_000699025_1_ASM69902v1_genomic.jf.
Finished job 19.
32 of 120 steps (27%) done

rule count:
    input: ../../Approved_Sequences/GCF_004684165_1_ASM468416v1_genomic.fna
    output: suis_jellyfish_output/GCF_004684165_1_ASM468416v1_genomic.jf
    jobid: 80
    reason: Missing output files: suis_jellyfish_output/GCF_004684165_1_ASM468416v1_genomic.jf
    wildcards: samples=GCF_004684165_1_ASM468416v1_genomic

Finished job 80.
33 of 120 steps (28%) done

rule dump:
    input: suis_jellyfish_output/GCF_004684165_1_ASM468416v1_genomic.jf
    output: suis_jellyfish_output/GCF_004684165_1_ASM468416v1_genomic.fna
    jobid: 21
    reason: Missing output files: suis_jellyfish_output/GCF_004684165_1_ASM468416v1_genomic.fna; Input files updated by another job: suis_jellyfish_output/GCF_004684165_1_ASM468416v1_genomic.jf
    wildcards: samples=GCF_004684165_1_ASM468416v1_genomic

Removing temporary output file suis_jellyfish_output/GCF_004684165_1_ASM468416v1_genomic.jf.
Finished job 21.
34 of 120 steps (28%) done

rule count:
    input: ../../Approved_Sequences/GCF_000480135_1_Bruc_suis_06-997-1672_V1_genomic.fna
    output: suis_jellyfish_output/GCF_000480135_1_Bruc_suis_06-997-1672_V1_genomic.jf
    jobid: 111
    reason: Missing output files: suis_jellyfish_output/GCF_000480135_1_Bruc_suis_06-997-1672_V1_genomic.jf
    wildcards: samples=GCF_000480135_1_Bruc_suis_06-997-1672_V1_genomic

Finished job 111.
35 of 120 steps (29%) done

rule dump:
    input: suis_jellyfish_output/GCF_000480135_1_Bruc_suis_06-997-1672_V1_genomic.jf
    output: suis_jellyfish_output/GCF_000480135_1_Bruc_suis_06-997-1672_V1_genomic.fna
    jobid: 52
    reason: Missing output files: suis_jellyfish_output/GCF_000480135_1_Bruc_suis_06-997-1672_V1_genomic.fna; Input files updated by another job: suis_jellyfish_output/GCF_000480135_1_Bruc_suis_06-997-1672_V1_genomic.jf
    wildcards: samples=GCF_000480135_1_Bruc_suis_06-997-1672_V1_genomic

Removing temporary output file suis_jellyfish_output/GCF_000480135_1_Bruc_suis_06-997-1672_V1_genomic.jf.
Finished job 52.
36 of 120 steps (30%) done

rule count:
    input: ../../Approved_Sequences/GCF_003194855_1_ASM319485v1_genomic.fna
    output: suis_jellyfish_output/GCF_003194855_1_ASM319485v1_genomic.jf
    jobid: 62
    reason: Missing output files: suis_jellyfish_output/GCF_003194855_1_ASM319485v1_genomic.jf
    wildcards: samples=GCF_003194855_1_ASM319485v1_genomic

Finished job 62.
37 of 120 steps (31%) done

rule dump:
    input: suis_jellyfish_output/GCF_003194855_1_ASM319485v1_genomic.jf
    output: suis_jellyfish_output/GCF_003194855_1_ASM319485v1_genomic.fna
    jobid: 3
    reason: Missing output files: suis_jellyfish_output/GCF_003194855_1_ASM319485v1_genomic.fna; Input files updated by another job: suis_jellyfish_output/GCF_003194855_1_ASM319485v1_genomic.jf
    wildcards: samples=GCF_003194855_1_ASM319485v1_genomic

Removing temporary output file suis_jellyfish_output/GCF_003194855_1_ASM319485v1_genomic.jf.
Finished job 3.
38 of 120 steps (32%) done

rule count:
    input: ../../Approved_Sequences/GCF_000371325_1_Bruc_suis_F9_06-1_V1_genomic.fna
    output: suis_jellyfish_output/GCF_000371325_1_Bruc_suis_F9_06-1_V1_genomic.jf
    jobid: 109
    reason: Missing output files: suis_jellyfish_output/GCF_000371325_1_Bruc_suis_F9_06-1_V1_genomic.jf
    wildcards: samples=GCF_000371325_1_Bruc_suis_F9_06-1_V1_genomic

Finished job 109.
39 of 120 steps (32%) done

rule dump:
    input: suis_jellyfish_output/GCF_000371325_1_Bruc_suis_F9_06-1_V1_genomic.jf
    output: suis_jellyfish_output/GCF_000371325_1_Bruc_suis_F9_06-1_V1_genomic.fna
    jobid: 50
    reason: Missing output files: suis_jellyfish_output/GCF_000371325_1_Bruc_suis_F9_06-1_V1_genomic.fna; Input files updated by another job: suis_jellyfish_output/GCF_000371325_1_Bruc_suis_F9_06-1_V1_genomic.jf
    wildcards: samples=GCF_000371325_1_Bruc_suis_F9_06-1_V1_genomic

Removing temporary output file suis_jellyfish_output/GCF_000371325_1_Bruc_suis_F9_06-1_V1_genomic.jf.
Finished job 50.
40 of 120 steps (33%) done

rule count:
    input: ../../Approved_Sequences/GCF_000371285_1_Bruc_suis_F8_06-1_V1_genomic.fna
    output: suis_jellyfish_output/GCF_000371285_1_Bruc_suis_F8_06-1_V1_genomic.jf
    jobid: 81
    reason: Missing output files: suis_jellyfish_output/GCF_000371285_1_Bruc_suis_F8_06-1_V1_genomic.jf
    wildcards: samples=GCF_000371285_1_Bruc_suis_F8_06-1_V1_genomic

Finished job 81.
41 of 120 steps (34%) done

rule dump:
    input: suis_jellyfish_output/GCF_000371285_1_Bruc_suis_F8_06-1_V1_genomic.jf
    output: suis_jellyfish_output/GCF_000371285_1_Bruc_suis_F8_06-1_V1_genomic.fna
    jobid: 22
    reason: Missing output files: suis_jellyfish_output/GCF_000371285_1_Bruc_suis_F8_06-1_V1_genomic.fna; Input files updated by another job: suis_jellyfish_output/GCF_000371285_1_Bruc_suis_F8_06-1_V1_genomic.jf
    wildcards: samples=GCF_000371285_1_Bruc_suis_F8_06-1_V1_genomic

Removing temporary output file suis_jellyfish_output/GCF_000371285_1_Bruc_suis_F8_06-1_V1_genomic.jf.
Finished job 22.
42 of 120 steps (35%) done

rule count:
    input: ../../Approved_Sequences/GCF_000480315_1_Bruc_suis_06-988-1656_V1_genomic.fna
    output: suis_jellyfish_output/GCF_000480315_1_Bruc_suis_06-988-1656_V1_genomic.jf
    jobid: 64
    reason: Missing output files: suis_jellyfish_output/GCF_000480315_1_Bruc_suis_06-988-1656_V1_genomic.jf
    wildcards: samples=GCF_000480315_1_Bruc_suis_06-988-1656_V1_genomic

Finished job 64.
43 of 120 steps (36%) done

rule dump:
    input: suis_jellyfish_output/GCF_000480315_1_Bruc_suis_06-988-1656_V1_genomic.jf
    output: suis_jellyfish_output/GCF_000480315_1_Bruc_suis_06-988-1656_V1_genomic.fna
    jobid: 5
    reason: Missing output files: suis_jellyfish_output/GCF_000480315_1_Bruc_suis_06-988-1656_V1_genomic.fna; Input files updated by another job: suis_jellyfish_output/GCF_000480315_1_Bruc_suis_06-988-1656_V1_genomic.jf
    wildcards: samples=GCF_000480315_1_Bruc_suis_06-988-1656_V1_genomic

Removing temporary output file suis_jellyfish_output/GCF_000480315_1_Bruc_suis_06-988-1656_V1_genomic.jf.
Finished job 5.
44 of 120 steps (37%) done

rule count:
    input: ../../Approved_Sequences/GCF_000371125_1_Bruc_suis_63_261_V1_genomic.fna
    output: suis_jellyfish_output/GCF_000371125_1_Bruc_suis_63_261_V1_genomic.jf
    jobid: 118
    reason: Missing output files: suis_jellyfish_output/GCF_000371125_1_Bruc_suis_63_261_V1_genomic.jf
    wildcards: samples=GCF_000371125_1_Bruc_suis_63_261_V1_genomic

Finished job 118.
45 of 120 steps (38%) done

rule dump:
    input: suis_jellyfish_output/GCF_000371125_1_Bruc_suis_63_261_V1_genomic.jf
    output: suis_jellyfish_output/GCF_000371125_1_Bruc_suis_63_261_V1_genomic.fna
    jobid: 59
    reason: Missing output files: suis_jellyfish_output/GCF_000371125_1_Bruc_suis_63_261_V1_genomic.fna; Input files updated by another job: suis_jellyfish_output/GCF_000371125_1_Bruc_suis_63_261_V1_genomic.jf
    wildcards: samples=GCF_000371125_1_Bruc_suis_63_261_V1_genomic

Removing temporary output file suis_jellyfish_output/GCF_000371125_1_Bruc_suis_63_261_V1_genomic.jf.
Finished job 59.
46 of 120 steps (38%) done

rule count:
    input: ../../Approved_Sequences/GCF_000160275_1_ASM16027v1_genomic.fna
    output: suis_jellyfish_output/GCF_000160275_1_ASM16027v1_genomic.jf
    jobid: 88
    reason: Missing output files: suis_jellyfish_output/GCF_000160275_1_ASM16027v1_genomic.jf
    wildcards: samples=GCF_000160275_1_ASM16027v1_genomic

Finished job 88.
47 of 120 steps (39%) done

rule dump:
    input: suis_jellyfish_output/GCF_000160275_1_ASM16027v1_genomic.jf
    output: suis_jellyfish_output/GCF_000160275_1_ASM16027v1_genomic.fna
    jobid: 29
    reason: Missing output files: suis_jellyfish_output/GCF_000160275_1_ASM16027v1_genomic.fna; Input files updated by another job: suis_jellyfish_output/GCF_000160275_1_ASM16027v1_genomic.jf
    wildcards: samples=GCF_000160275_1_ASM16027v1_genomic

Removing temporary output file suis_jellyfish_output/GCF_000160275_1_ASM16027v1_genomic.jf.
Finished job 29.
48 of 120 steps (40%) done

rule count:
    input: ../../Approved_Sequences/GCF_000480155_1_Bruc_suis_97-9757_V1_genomic.fna
    output: suis_jellyfish_output/GCF_000480155_1_Bruc_suis_97-9757_V1_genomic.jf
    jobid: 98
    reason: Missing output files: suis_jellyfish_output/GCF_000480155_1_Bruc_suis_97-9757_V1_genomic.jf
    wildcards: samples=GCF_000480155_1_Bruc_suis_97-9757_V1_genomic

Finished job 98.
49 of 120 steps (41%) done

rule dump:
    input: suis_jellyfish_output/GCF_000480155_1_Bruc_suis_97-9757_V1_genomic.jf
    output: suis_jellyfish_output/GCF_000480155_1_Bruc_suis_97-9757_V1_genomic.fna
    jobid: 39
    reason: Missing output files: suis_jellyfish_output/GCF_000480155_1_Bruc_suis_97-9757_V1_genomic.fna; Input files updated by another job: suis_jellyfish_output/GCF_000480155_1_Bruc_suis_97-9757_V1_genomic.jf
    wildcards: samples=GCF_000480155_1_Bruc_suis_97-9757_V1_genomic

Removing temporary output file suis_jellyfish_output/GCF_000480155_1_Bruc_suis_97-9757_V1_genomic.jf.
Finished job 39.
50 of 120 steps (42%) done

rule count:
    input: ../../Approved_Sequences/GCF_000366245_1_Bruc_suis_94_11_V1_genomic.fna
    output: suis_jellyfish_output/GCF_000366245_1_Bruc_suis_94_11_V1_genomic.jf
    jobid: 105
    reason: Missing output files: suis_jellyfish_output/GCF_000366245_1_Bruc_suis_94_11_V1_genomic.jf
    wildcards: samples=GCF_000366245_1_Bruc_suis_94_11_V1_genomic

Finished job 105.
51 of 120 steps (42%) done

rule dump:
    input: suis_jellyfish_output/GCF_000366245_1_Bruc_suis_94_11_V1_genomic.jf
    output: suis_jellyfish_output/GCF_000366245_1_Bruc_suis_94_11_V1_genomic.fna
    jobid: 46
    reason: Missing output files: suis_jellyfish_output/GCF_000366245_1_Bruc_suis_94_11_V1_genomic.fna; Input files updated by another job: suis_jellyfish_output/GCF_000366245_1_Bruc_suis_94_11_V1_genomic.jf
    wildcards: samples=GCF_000366245_1_Bruc_suis_94_11_V1_genomic

Removing temporary output file suis_jellyfish_output/GCF_000366245_1_Bruc_suis_94_11_V1_genomic.jf.
Finished job 46.
52 of 120 steps (43%) done

rule count:
    input: ../../Approved_Sequences/GCF_000480055_1_Bruc_suis_04-0115_V1_genomic.fna
    output: suis_jellyfish_output/GCF_000480055_1_Bruc_suis_04-0115_V1_genomic.jf
    jobid: 83
    reason: Missing output files: suis_jellyfish_output/GCF_000480055_1_Bruc_suis_04-0115_V1_genomic.jf
    wildcards: samples=GCF_000480055_1_Bruc_suis_04-0115_V1_genomic

Finished job 83.
53 of 120 steps (44%) done

rule dump:
    input: suis_jellyfish_output/GCF_000480055_1_Bruc_suis_04-0115_V1_genomic.jf
    output: suis_jellyfish_output/GCF_000480055_1_Bruc_suis_04-0115_V1_genomic.fna
    jobid: 24
    reason: Missing output files: suis_jellyfish_output/GCF_000480055_1_Bruc_suis_04-0115_V1_genomic.fna; Input files updated by another job: suis_jellyfish_output/GCF_000480055_1_Bruc_suis_04-0115_V1_genomic.jf
    wildcards: samples=GCF_000480055_1_Bruc_suis_04-0115_V1_genomic

Removing temporary output file suis_jellyfish_output/GCF_000480055_1_Bruc_suis_04-0115_V1_genomic.jf.
Finished job 24.
54 of 120 steps (45%) done

rule count:
    input: ../../Approved_Sequences/GCF_000365705_1_Bruc_suis_F4_06-146_V1_genomic.fna
    output: suis_jellyfish_output/GCF_000365705_1_Bruc_suis_F4_06-146_V1_genomic.jf
    jobid: 65
    reason: Missing output files: suis_jellyfish_output/GCF_000365705_1_Bruc_suis_F4_06-146_V1_genomic.jf
    wildcards: samples=GCF_000365705_1_Bruc_suis_F4_06-146_V1_genomic

Finished job 65.
55 of 120 steps (46%) done

rule dump:
    input: suis_jellyfish_output/GCF_000365705_1_Bruc_suis_F4_06-146_V1_genomic.jf
    output: suis_jellyfish_output/GCF_000365705_1_Bruc_suis_F4_06-146_V1_genomic.fna
    jobid: 6
    reason: Missing output files: suis_jellyfish_output/GCF_000365705_1_Bruc_suis_F4_06-146_V1_genomic.fna; Input files updated by another job: suis_jellyfish_output/GCF_000365705_1_Bruc_suis_F4_06-146_V1_genomic.jf
    wildcards: samples=GCF_000365705_1_Bruc_suis_F4_06-146_V1_genomic

Removing temporary output file suis_jellyfish_output/GCF_000365705_1_Bruc_suis_F4_06-146_V1_genomic.jf.
Finished job 6.
56 of 120 steps (47%) done

rule count:
    input: ../../Approved_Sequences/GCF_000742055_1_ASM74205v1_genomic.fna
    output: suis_jellyfish_output/GCF_000742055_1_ASM74205v1_genomic.jf
    jobid: 117
    reason: Missing output files: suis_jellyfish_output/GCF_000742055_1_ASM74205v1_genomic.jf
    wildcards: samples=GCF_000742055_1_ASM74205v1_genomic

Finished job 117.
57 of 120 steps (48%) done

rule dump:
    input: suis_jellyfish_output/GCF_000742055_1_ASM74205v1_genomic.jf
    output: suis_jellyfish_output/GCF_000742055_1_ASM74205v1_genomic.fna
    jobid: 58
    reason: Missing output files: suis_jellyfish_output/GCF_000742055_1_ASM74205v1_genomic.fna; Input files updated by another job: suis_jellyfish_output/GCF_000742055_1_ASM74205v1_genomic.jf
    wildcards: samples=GCF_000742055_1_ASM74205v1_genomic

Removing temporary output file suis_jellyfish_output/GCF_000742055_1_ASM74205v1_genomic.jf.
Finished job 58.
58 of 120 steps (48%) done

rule count:
    input: ../../Approved_Sequences/GCF_000365585_1_Bruc_suis_F5_03-2_V1_genomic.fna
    output: suis_jellyfish_output/GCF_000365585_1_Bruc_suis_F5_03-2_V1_genomic.jf
    jobid: 82
    reason: Missing output files: suis_jellyfish_output/GCF_000365585_1_Bruc_suis_F5_03-2_V1_genomic.jf
    wildcards: samples=GCF_000365585_1_Bruc_suis_F5_03-2_V1_genomic

Finished job 82.
59 of 120 steps (49%) done

rule dump:
    input: suis_jellyfish_output/GCF_000365585_1_Bruc_suis_F5_03-2_V1_genomic.jf
    output: suis_jellyfish_output/GCF_000365585_1_Bruc_suis_F5_03-2_V1_genomic.fna
    jobid: 23
    reason: Missing output files: suis_jellyfish_output/GCF_000365585_1_Bruc_suis_F5_03-2_V1_genomic.fna; Input files updated by another job: suis_jellyfish_output/GCF_000365585_1_Bruc_suis_F5_03-2_V1_genomic.jf
    wildcards: samples=GCF_000365585_1_Bruc_suis_F5_03-2_V1_genomic

Removing temporary output file suis_jellyfish_output/GCF_000365585_1_Bruc_suis_F5_03-2_V1_genomic.jf.
Finished job 23.
60 of 120 steps (50%) done

rule count:
    input: ../../Approved_Sequences/GCF_000480035_1_Bruc_suis_06-791-1309_V1_genomic.fna
    output: suis_jellyfish_output/GCF_000480035_1_Bruc_suis_06-791-1309_V1_genomic.jf
    jobid: 90
    reason: Missing output files: suis_jellyfish_output/GCF_000480035_1_Bruc_suis_06-791-1309_V1_genomic.jf
    wildcards: samples=GCF_000480035_1_Bruc_suis_06-791-1309_V1_genomic

Finished job 90.
61 of 120 steps (51%) done

rule dump:
    input: suis_jellyfish_output/GCF_000480035_1_Bruc_suis_06-791-1309_V1_genomic.jf
    output: suis_jellyfish_output/GCF_000480035_1_Bruc_suis_06-791-1309_V1_genomic.fna
    jobid: 31
    reason: Missing output files: suis_jellyfish_output/GCF_000480035_1_Bruc_suis_06-791-1309_V1_genomic.fna; Input files updated by another job: suis_jellyfish_output/GCF_000480035_1_Bruc_suis_06-791-1309_V1_genomic.jf
    wildcards: samples=GCF_000480035_1_Bruc_suis_06-791-1309_V1_genomic

Removing temporary output file suis_jellyfish_output/GCF_000480035_1_Bruc_suis_06-791-1309_V1_genomic.jf.
Finished job 31.
62 of 120 steps (52%) done

rule count:
    input: ../../Approved_Sequences/GCF_000236255_1_ASM23625v1_genomic.fna
    output: suis_jellyfish_output/GCF_000236255_1_ASM23625v1_genomic.jf
    jobid: 70
    reason: Missing output files: suis_jellyfish_output/GCF_000236255_1_ASM23625v1_genomic.jf
    wildcards: samples=GCF_000236255_1_ASM23625v1_genomic

Finished job 70.
63 of 120 steps (52%) done

rule dump:
    input: suis_jellyfish_output/GCF_000236255_1_ASM23625v1_genomic.jf
    output: suis_jellyfish_output/GCF_000236255_1_ASM23625v1_genomic.fna
    jobid: 11
    reason: Missing output files: suis_jellyfish_output/GCF_000236255_1_ASM23625v1_genomic.fna; Input files updated by another job: suis_jellyfish_output/GCF_000236255_1_ASM23625v1_genomic.jf
    wildcards: samples=GCF_000236255_1_ASM23625v1_genomic

Removing temporary output file suis_jellyfish_output/GCF_000236255_1_ASM23625v1_genomic.jf.
Finished job 11.
64 of 120 steps (53%) done

rule count:
    input: ../../Approved_Sequences/GCF_000600055_1_ASM60005v1_genomic.fna
    output: suis_jellyfish_output/GCF_000600055_1_ASM60005v1_genomic.jf
    jobid: 108
    reason: Missing output files: suis_jellyfish_output/GCF_000600055_1_ASM60005v1_genomic.jf
    wildcards: samples=GCF_000600055_1_ASM60005v1_genomic

Finished job 108.
65 of 120 steps (54%) done

rule dump:
    input: suis_jellyfish_output/GCF_000600055_1_ASM60005v1_genomic.jf
    output: suis_jellyfish_output/GCF_000600055_1_ASM60005v1_genomic.fna
    jobid: 49
    reason: Missing output files: suis_jellyfish_output/GCF_000600055_1_ASM60005v1_genomic.fna; Input files updated by another job: suis_jellyfish_output/GCF_000600055_1_ASM60005v1_genomic.jf
    wildcards: samples=GCF_000600055_1_ASM60005v1_genomic

Removing temporary output file suis_jellyfish_output/GCF_000600055_1_ASM60005v1_genomic.jf.
Finished job 49.
66 of 120 steps (55%) done

rule count:
    input: ../../Approved_Sequences/GCF_001715425_1_ASM171542v1_genomic.fna
    output: suis_jellyfish_output/GCF_001715425_1_ASM171542v1_genomic.jf
    jobid: 79
    reason: Missing output files: suis_jellyfish_output/GCF_001715425_1_ASM171542v1_genomic.jf
    wildcards: samples=GCF_001715425_1_ASM171542v1_genomic

Finished job 79.
67 of 120 steps (56%) done

rule dump:
    input: suis_jellyfish_output/GCF_001715425_1_ASM171542v1_genomic.jf
    output: suis_jellyfish_output/GCF_001715425_1_ASM171542v1_genomic.fna
    jobid: 20
    reason: Missing output files: suis_jellyfish_output/GCF_001715425_1_ASM171542v1_genomic.fna; Input files updated by another job: suis_jellyfish_output/GCF_001715425_1_ASM171542v1_genomic.jf
    wildcards: samples=GCF_001715425_1_ASM171542v1_genomic

Removing temporary output file suis_jellyfish_output/GCF_001715425_1_ASM171542v1_genomic.jf.
Finished job 20.
68 of 120 steps (57%) done

rule count:
    input: ../../Approved_Sequences/GCF_002749475_1_ASM274947v1_genomic.fna
    output: suis_jellyfish_output/GCF_002749475_1_ASM274947v1_genomic.jf
    jobid: 77
    reason: Missing output files: suis_jellyfish_output/GCF_002749475_1_ASM274947v1_genomic.jf
    wildcards: samples=GCF_002749475_1_ASM274947v1_genomic

Finished job 77.
69 of 120 steps (57%) done

rule dump:
    input: suis_jellyfish_output/GCF_002749475_1_ASM274947v1_genomic.jf
    output: suis_jellyfish_output/GCF_002749475_1_ASM274947v1_genomic.fna
    jobid: 18
    reason: Missing output files: suis_jellyfish_output/GCF_002749475_1_ASM274947v1_genomic.fna; Input files updated by another job: suis_jellyfish_output/GCF_002749475_1_ASM274947v1_genomic.jf
    wildcards: samples=GCF_002749475_1_ASM274947v1_genomic

Removing temporary output file suis_jellyfish_output/GCF_002749475_1_ASM274947v1_genomic.jf.
Finished job 18.
70 of 120 steps (58%) done

rule count:
    input: ../../Approved_Sequences/GCF_000007505_1_ASM750v1_genomic.fna
    output: suis_jellyfish_output/GCF_000007505_1_ASM750v1_genomic.jf
    jobid: 100
    reason: Missing output files: suis_jellyfish_output/GCF_000007505_1_ASM750v1_genomic.jf
    wildcards: samples=GCF_000007505_1_ASM750v1_genomic

Finished job 100.
71 of 120 steps (59%) done

rule dump:
    input: suis_jellyfish_output/GCF_000007505_1_ASM750v1_genomic.jf
    output: suis_jellyfish_output/GCF_000007505_1_ASM750v1_genomic.fna
    jobid: 41
    reason: Missing output files: suis_jellyfish_output/GCF_000007505_1_ASM750v1_genomic.fna; Input files updated by another job: suis_jellyfish_output/GCF_000007505_1_ASM750v1_genomic.jf
    wildcards: samples=GCF_000007505_1_ASM750v1_genomic

Removing temporary output file suis_jellyfish_output/GCF_000007505_1_ASM750v1_genomic.jf.
Finished job 41.
72 of 120 steps (60%) done

rule count:
    input: ../../Approved_Sequences/GCF_900460605_1_58116_D02_genomic.fna
    output: suis_jellyfish_output/GCF_900460605_1_58116_D02_genomic.jf
    jobid: 86
    reason: Missing output files: suis_jellyfish_output/GCF_900460605_1_58116_D02_genomic.jf
    wildcards: samples=GCF_900460605_1_58116_D02_genomic

Finished job 86.
73 of 120 steps (61%) done

rule dump:
    input: suis_jellyfish_output/GCF_900460605_1_58116_D02_genomic.jf
    output: suis_jellyfish_output/GCF_900460605_1_58116_D02_genomic.fna
    jobid: 27
    reason: Missing output files: suis_jellyfish_output/GCF_900460605_1_58116_D02_genomic.fna; Input files updated by another job: suis_jellyfish_output/GCF_900460605_1_58116_D02_genomic.jf
    wildcards: samples=GCF_900460605_1_58116_D02_genomic

Removing temporary output file suis_jellyfish_output/GCF_900460605_1_58116_D02_genomic.jf.
Finished job 27.
74 of 120 steps (62%) done

rule count:
    input: ../../Approved_Sequences/GCF_000223195_1_ASM22319v1_genomic.fna
    output: suis_jellyfish_output/GCF_000223195_1_ASM22319v1_genomic.jf
    jobid: 94
    reason: Missing output files: suis_jellyfish_output/GCF_000223195_1_ASM22319v1_genomic.jf
    wildcards: samples=GCF_000223195_1_ASM22319v1_genomic

Finished job 94.
75 of 120 steps (62%) done

rule dump:
    input: suis_jellyfish_output/GCF_000223195_1_ASM22319v1_genomic.jf
    output: suis_jellyfish_output/GCF_000223195_1_ASM22319v1_genomic.fna
    jobid: 35
    reason: Missing output files: suis_jellyfish_output/GCF_000223195_1_ASM22319v1_genomic.fna; Input files updated by another job: suis_jellyfish_output/GCF_000223195_1_ASM22319v1_genomic.jf
    wildcards: samples=GCF_000223195_1_ASM22319v1_genomic

Removing temporary output file suis_jellyfish_output/GCF_000223195_1_ASM22319v1_genomic.jf.
Finished job 35.
76 of 120 steps (63%) done

rule count:
    input: ../../Approved_Sequences/GCF_000292105_1_ASM29210v2_genomic.fna
    output: suis_jellyfish_output/GCF_000292105_1_ASM29210v2_genomic.jf
    jobid: 67
    reason: Missing output files: suis_jellyfish_output/GCF_000292105_1_ASM29210v2_genomic.jf
    wildcards: samples=GCF_000292105_1_ASM29210v2_genomic

Finished job 67.
77 of 120 steps (64%) done

rule dump:
    input: suis_jellyfish_output/GCF_000292105_1_ASM29210v2_genomic.jf
    output: suis_jellyfish_output/GCF_000292105_1_ASM29210v2_genomic.fna
    jobid: 8
    reason: Missing output files: suis_jellyfish_output/GCF_000292105_1_ASM29210v2_genomic.fna; Input files updated by another job: suis_jellyfish_output/GCF_000292105_1_ASM29210v2_genomic.jf
    wildcards: samples=GCF_000292105_1_ASM29210v2_genomic

Removing temporary output file suis_jellyfish_output/GCF_000292105_1_ASM29210v2_genomic.jf.
Finished job 8.
78 of 120 steps (65%) done

rule count:
    input: ../../Approved_Sequences/GCF_000875695_1_ASM87569v1_genomic.fna
    output: suis_jellyfish_output/GCF_000875695_1_ASM87569v1_genomic.jf
    jobid: 76
    reason: Missing output files: suis_jellyfish_output/GCF_000875695_1_ASM87569v1_genomic.jf
    wildcards: samples=GCF_000875695_1_ASM87569v1_genomic

Finished job 76.
79 of 120 steps (66%) done

rule dump:
    input: suis_jellyfish_output/GCF_000875695_1_ASM87569v1_genomic.jf
    output: suis_jellyfish_output/GCF_000875695_1_ASM87569v1_genomic.fna
    jobid: 17
    reason: Missing output files: suis_jellyfish_output/GCF_000875695_1_ASM87569v1_genomic.fna; Input files updated by another job: suis_jellyfish_output/GCF_000875695_1_ASM87569v1_genomic.jf
    wildcards: samples=GCF_000875695_1_ASM87569v1_genomic

Removing temporary output file suis_jellyfish_output/GCF_000875695_1_ASM87569v1_genomic.jf.
Finished job 17.
80 of 120 steps (67%) done

rule count:
    input: ../../Approved_Sequences/GCF_000331635_1_Brucella_019_genomic.fna
    output: suis_jellyfish_output/GCF_000331635_1_Brucella_019_genomic.jf
    jobid: 68
    reason: Missing output files: suis_jellyfish_output/GCF_000331635_1_Brucella_019_genomic.jf
    wildcards: samples=GCF_000331635_1_Brucella_019_genomic

Finished job 68.
81 of 120 steps (68%) done

rule dump:
    input: suis_jellyfish_output/GCF_000331635_1_Brucella_019_genomic.jf
    output: suis_jellyfish_output/GCF_000331635_1_Brucella_019_genomic.fna
    jobid: 9
    reason: Missing output files: suis_jellyfish_output/GCF_000331635_1_Brucella_019_genomic.fna; Input files updated by another job: suis_jellyfish_output/GCF_000331635_1_Brucella_019_genomic.jf
    wildcards: samples=GCF_000331635_1_Brucella_019_genomic

Removing temporary output file suis_jellyfish_output/GCF_000331635_1_Brucella_019_genomic.jf.
Finished job 9.
82 of 120 steps (68%) done

rule count:
    input: ../../Approved_Sequences/GCF_000157775_1_ASM15777v1_genomic.fna
    output: suis_jellyfish_output/GCF_000157775_1_ASM15777v1_genomic.jf
    jobid: 63
    reason: Missing output files: suis_jellyfish_output/GCF_000157775_1_ASM15777v1_genomic.jf
    wildcards: samples=GCF_000157775_1_ASM15777v1_genomic

Finished job 63.
83 of 120 steps (69%) done

rule dump:
    input: suis_jellyfish_output/GCF_000157775_1_ASM15777v1_genomic.jf
    output: suis_jellyfish_output/GCF_000157775_1_ASM15777v1_genomic.fna
    jobid: 4
    reason: Missing output files: suis_jellyfish_output/GCF_000157775_1_ASM15777v1_genomic.fna; Input files updated by another job: suis_jellyfish_output/GCF_000157775_1_ASM15777v1_genomic.jf
    wildcards: samples=GCF_000157775_1_ASM15777v1_genomic

Removing temporary output file suis_jellyfish_output/GCF_000157775_1_ASM15777v1_genomic.jf.
Finished job 4.
84 of 120 steps (70%) done

rule count:
    input: ../../Approved_Sequences/GCF_000480195_1_Bruc_sp_04-5288_V1_genomic.fna
    output: suis_jellyfish_output/GCF_000480195_1_Bruc_sp_04-5288_V1_genomic.jf
    jobid: 97
    reason: Missing output files: suis_jellyfish_output/GCF_000480195_1_Bruc_sp_04-5288_V1_genomic.jf
    wildcards: samples=GCF_000480195_1_Bruc_sp_04-5288_V1_genomic

Finished job 97.
85 of 120 steps (71%) done

rule dump:
    input: suis_jellyfish_output/GCF_000480195_1_Bruc_sp_04-5288_V1_genomic.jf
    output: suis_jellyfish_output/GCF_000480195_1_Bruc_sp_04-5288_V1_genomic.fna
    jobid: 38
    reason: Missing output files: suis_jellyfish_output/GCF_000480195_1_Bruc_sp_04-5288_V1_genomic.fna; Input files updated by another job: suis_jellyfish_output/GCF_000480195_1_Bruc_sp_04-5288_V1_genomic.jf
    wildcards: samples=GCF_000480195_1_Bruc_sp_04-5288_V1_genomic

Removing temporary output file suis_jellyfish_output/GCF_000480195_1_Bruc_sp_04-5288_V1_genomic.jf.
Finished job 38.
86 of 120 steps (72%) done

rule count:
    input: ../../Approved_Sequences/GCF_000371085_1_Bruc_suis_01-5744_V1_genomic.fna
    output: suis_jellyfish_output/GCF_000371085_1_Bruc_suis_01-5744_V1_genomic.jf
    jobid: 110
    reason: Missing output files: suis_jellyfish_output/GCF_000371085_1_Bruc_suis_01-5744_V1_genomic.jf
    wildcards: samples=GCF_000371085_1_Bruc_suis_01-5744_V1_genomic

Finished job 110.
87 of 120 steps (72%) done

rule dump:
    input: suis_jellyfish_output/GCF_000371085_1_Bruc_suis_01-5744_V1_genomic.jf
    output: suis_jellyfish_output/GCF_000371085_1_Bruc_suis_01-5744_V1_genomic.fna
    jobid: 51
    reason: Missing output files: suis_jellyfish_output/GCF_000371085_1_Bruc_suis_01-5744_V1_genomic.fna; Input files updated by another job: suis_jellyfish_output/GCF_000371085_1_Bruc_suis_01-5744_V1_genomic.jf
    wildcards: samples=GCF_000371085_1_Bruc_suis_01-5744_V1_genomic

Removing temporary output file suis_jellyfish_output/GCF_000371085_1_Bruc_suis_01-5744_V1_genomic.jf.
Finished job 51.
88 of 120 steps (73%) done

rule count:
    input: ../../Approved_Sequences/GCF_000366205_1_Bruc_suis_92_29_V1_genomic.fna
    output: suis_jellyfish_output/GCF_000366205_1_Bruc_suis_92_29_V1_genomic.jf
    jobid: 102
    reason: Missing output files: suis_jellyfish_output/GCF_000366205_1_Bruc_suis_92_29_V1_genomic.jf
    wildcards: samples=GCF_000366205_1_Bruc_suis_92_29_V1_genomic

Finished job 102.
89 of 120 steps (74%) done

rule dump:
    input: suis_jellyfish_output/GCF_000366205_1_Bruc_suis_92_29_V1_genomic.jf
    output: suis_jellyfish_output/GCF_000366205_1_Bruc_suis_92_29_V1_genomic.fna
    jobid: 43
    reason: Missing output files: suis_jellyfish_output/GCF_000366205_1_Bruc_suis_92_29_V1_genomic.fna; Input files updated by another job: suis_jellyfish_output/GCF_000366205_1_Bruc_suis_92_29_V1_genomic.jf
    wildcards: samples=GCF_000366205_1_Bruc_suis_92_29_V1_genomic

Removing temporary output file suis_jellyfish_output/GCF_000366205_1_Bruc_suis_92_29_V1_genomic.jf.
Finished job 43.
90 of 120 steps (75%) done

rule count:
    input: ../../Approved_Sequences/GCF_000741995_1_ASM74199v1_genomic.fna
    output: suis_jellyfish_output/GCF_000741995_1_ASM74199v1_genomic.jf
    jobid: 92
    reason: Missing output files: suis_jellyfish_output/GCF_000741995_1_ASM74199v1_genomic.jf
    wildcards: samples=GCF_000741995_1_ASM74199v1_genomic

Finished job 92.
91 of 120 steps (76%) done

rule dump:
    input: suis_jellyfish_output/GCF_000741995_1_ASM74199v1_genomic.jf
    output: suis_jellyfish_output/GCF_000741995_1_ASM74199v1_genomic.fna
    jobid: 33
    reason: Missing output files: suis_jellyfish_output/GCF_000741995_1_ASM74199v1_genomic.fna; Input files updated by another job: suis_jellyfish_output/GCF_000741995_1_ASM74199v1_genomic.jf
    wildcards: samples=GCF_000741995_1_ASM74199v1_genomic

Removing temporary output file suis_jellyfish_output/GCF_000741995_1_ASM74199v1_genomic.jf.
Finished job 33.
92 of 120 steps (77%) done

rule count:
    input: ../../Approved_Sequences/GCF_000371105_1_Bruc_suis_63_198_V1_genomic.fna
    output: suis_jellyfish_output/GCF_000371105_1_Bruc_suis_63_198_V1_genomic.jf
    jobid: 116
    reason: Missing output files: suis_jellyfish_output/GCF_000371105_1_Bruc_suis_63_198_V1_genomic.jf
    wildcards: samples=GCF_000371105_1_Bruc_suis_63_198_V1_genomic

Finished job 116.
93 of 120 steps (78%) done

rule dump:
    input: suis_jellyfish_output/GCF_000371105_1_Bruc_suis_63_198_V1_genomic.jf
    output: suis_jellyfish_output/GCF_000371105_1_Bruc_suis_63_198_V1_genomic.fna
    jobid: 57
    reason: Missing output files: suis_jellyfish_output/GCF_000371105_1_Bruc_suis_63_198_V1_genomic.fna; Input files updated by another job: suis_jellyfish_output/GCF_000371105_1_Bruc_suis_63_198_V1_genomic.jf
    wildcards: samples=GCF_000371105_1_Bruc_suis_63_198_V1_genomic

Removing temporary output file suis_jellyfish_output/GCF_000371105_1_Bruc_suis_63_198_V1_genomic.jf.
Finished job 57.
94 of 120 steps (78%) done

rule count:
    input: ../../Approved_Sequences/GCF_000366085_1_Bruc_suis_63_252_V1_genomic.fna
    output: suis_jellyfish_output/GCF_000366085_1_Bruc_suis_63_252_V1_genomic.jf
    jobid: 106
    reason: Missing output files: suis_jellyfish_output/GCF_000366085_1_Bruc_suis_63_252_V1_genomic.jf
    wildcards: samples=GCF_000366085_1_Bruc_suis_63_252_V1_genomic

Finished job 106.
95 of 120 steps (79%) done

rule dump:
    input: suis_jellyfish_output/GCF_000366085_1_Bruc_suis_63_252_V1_genomic.jf
    output: suis_jellyfish_output/GCF_000366085_1_Bruc_suis_63_252_V1_genomic.fna
    jobid: 47
    reason: Missing output files: suis_jellyfish_output/GCF_000366085_1_Bruc_suis_63_252_V1_genomic.fna; Input files updated by another job: suis_jellyfish_output/GCF_000366085_1_Bruc_suis_63_252_V1_genomic.jf
    wildcards: samples=GCF_000366085_1_Bruc_suis_63_252_V1_genomic

Removing temporary output file suis_jellyfish_output/GCF_000366085_1_Bruc_suis_63_252_V1_genomic.jf.
Finished job 47.
96 of 120 steps (80%) done

rule count:
    input: ../../Approved_Sequences/GCF_000366265_1_Bruc_suis_CNGB_786_V1_genomic.fna
    output: suis_jellyfish_output/GCF_000366265_1_Bruc_suis_CNGB_786_V1_genomic.jf
    jobid: 91
    reason: Missing output files: suis_jellyfish_output/GCF_000366265_1_Bruc_suis_CNGB_786_V1_genomic.jf
    wildcards: samples=GCF_000366265_1_Bruc_suis_CNGB_786_V1_genomic

Finished job 91.
97 of 120 steps (81%) done

rule dump:
    input: suis_jellyfish_output/GCF_000366265_1_Bruc_suis_CNGB_786_V1_genomic.jf
    output: suis_jellyfish_output/GCF_000366265_1_Bruc_suis_CNGB_786_V1_genomic.fna
    jobid: 32
    reason: Missing output files: suis_jellyfish_output/GCF_000366265_1_Bruc_suis_CNGB_786_V1_genomic.fna; Input files updated by another job: suis_jellyfish_output/GCF_000366265_1_Bruc_suis_CNGB_786_V1_genomic.jf
    wildcards: samples=GCF_000366265_1_Bruc_suis_CNGB_786_V1_genomic

Removing temporary output file suis_jellyfish_output/GCF_000366265_1_Bruc_suis_CNGB_786_V1_genomic.jf.
Finished job 32.
98 of 120 steps (82%) done

rule count:
    input: ../../Approved_Sequences/GCF_000371145_1_Bruc_suis_CNGB_247_V1_genomic.fna
    output: suis_jellyfish_output/GCF_000371145_1_Bruc_suis_CNGB_247_V1_genomic.jf
    jobid: 107
    reason: Missing output files: suis_jellyfish_output/GCF_000371145_1_Bruc_suis_CNGB_247_V1_genomic.jf
    wildcards: samples=GCF_000371145_1_Bruc_suis_CNGB_247_V1_genomic

Finished job 107.
99 of 120 steps (82%) done

rule dump:
    input: suis_jellyfish_output/GCF_000371145_1_Bruc_suis_CNGB_247_V1_genomic.jf
    output: suis_jellyfish_output/GCF_000371145_1_Bruc_suis_CNGB_247_V1_genomic.fna
    jobid: 48
    reason: Missing output files: suis_jellyfish_output/GCF_000371145_1_Bruc_suis_CNGB_247_V1_genomic.fna; Input files updated by another job: suis_jellyfish_output/GCF_000371145_1_Bruc_suis_CNGB_247_V1_genomic.jf
    wildcards: samples=GCF_000371145_1_Bruc_suis_CNGB_247_V1_genomic

Removing temporary output file suis_jellyfish_output/GCF_000371145_1_Bruc_suis_CNGB_247_V1_genomic.jf.
Finished job 48.
100 of 120 steps (83%) done

rule count:
    input: ../../Approved_Sequences/GCF_001594165_1_ASM159416v1_genomic.fna
    output: suis_jellyfish_output/GCF_001594165_1_ASM159416v1_genomic.jf
    jobid: 103
    reason: Missing output files: suis_jellyfish_output/GCF_001594165_1_ASM159416v1_genomic.jf
    wildcards: samples=GCF_001594165_1_ASM159416v1_genomic

Finished job 103.
101 of 120 steps (84%) done

rule dump:
    input: suis_jellyfish_output/GCF_001594165_1_ASM159416v1_genomic.jf
    output: suis_jellyfish_output/GCF_001594165_1_ASM159416v1_genomic.fna
    jobid: 44
    reason: Missing output files: suis_jellyfish_output/GCF_001594165_1_ASM159416v1_genomic.fna; Input files updated by another job: suis_jellyfish_output/GCF_001594165_1_ASM159416v1_genomic.jf
    wildcards: samples=GCF_001594165_1_ASM159416v1_genomic

Removing temporary output file suis_jellyfish_output/GCF_001594165_1_ASM159416v1_genomic.jf.
Finished job 44.
102 of 120 steps (85%) done

rule count:
    input: ../../Approved_Sequences/GCF_000701065_1_Bru1330_genomic.fna
    output: suis_jellyfish_output/GCF_000701065_1_Bru1330_genomic.jf
    jobid: 104
    reason: Missing output files: suis_jellyfish_output/GCF_000701065_1_Bru1330_genomic.jf
    wildcards: samples=GCF_000701065_1_Bru1330_genomic

Finished job 104.
103 of 120 steps (86%) done

rule dump:
    input: suis_jellyfish_output/GCF_000701065_1_Bru1330_genomic.jf
    output: suis_jellyfish_output/GCF_000701065_1_Bru1330_genomic.fna
    jobid: 45
    reason: Missing output files: suis_jellyfish_output/GCF_000701065_1_Bru1330_genomic.fna; Input files updated by another job: suis_jellyfish_output/GCF_000701065_1_Bru1330_genomic.jf
    wildcards: samples=GCF_000701065_1_Bru1330_genomic

Removing temporary output file suis_jellyfish_output/GCF_000701065_1_Bru1330_genomic.jf.
Finished job 45.
104 of 120 steps (87%) done

rule count:
    input: ../../Approved_Sequences/GCF_000365565_1_Bruc_suis_F8_06-2_V1_genomic.fna
    output: suis_jellyfish_output/GCF_000365565_1_Bruc_suis_F8_06-2_V1_genomic.jf
    jobid: 112
    reason: Missing output files: suis_jellyfish_output/GCF_000365565_1_Bruc_suis_F8_06-2_V1_genomic.jf
    wildcards: samples=GCF_000365565_1_Bruc_suis_F8_06-2_V1_genomic

Finished job 112.
105 of 120 steps (88%) done

rule dump:
    input: suis_jellyfish_output/GCF_000365565_1_Bruc_suis_F8_06-2_V1_genomic.jf
    output: suis_jellyfish_output/GCF_000365565_1_Bruc_suis_F8_06-2_V1_genomic.fna
    jobid: 53
    reason: Missing output files: suis_jellyfish_output/GCF_000365565_1_Bruc_suis_F8_06-2_V1_genomic.fna; Input files updated by another job: suis_jellyfish_output/GCF_000365565_1_Bruc_suis_F8_06-2_V1_genomic.jf
    wildcards: samples=GCF_000365565_1_Bruc_suis_F8_06-2_V1_genomic

Removing temporary output file suis_jellyfish_output/GCF_000365565_1_Bruc_suis_F8_06-2_V1_genomic.jf.
Finished job 53.
106 of 120 steps (88%) done

rule count:
    input: ../../Approved_Sequences/GCF_003994175_1_ASM399417v1_genomic.fna
    output: suis_jellyfish_output/GCF_003994175_1_ASM399417v1_genomic.jf
    jobid: 85
    reason: Missing output files: suis_jellyfish_output/GCF_003994175_1_ASM399417v1_genomic.jf
    wildcards: samples=GCF_003994175_1_ASM399417v1_genomic

Finished job 85.
107 of 120 steps (89%) done

rule dump:
    input: suis_jellyfish_output/GCF_003994175_1_ASM399417v1_genomic.jf
    output: suis_jellyfish_output/GCF_003994175_1_ASM399417v1_genomic.fna
    jobid: 26
    reason: Missing output files: suis_jellyfish_output/GCF_003994175_1_ASM399417v1_genomic.fna; Input files updated by another job: suis_jellyfish_output/GCF_003994175_1_ASM399417v1_genomic.jf
    wildcards: samples=GCF_003994175_1_ASM399417v1_genomic

Removing temporary output file suis_jellyfish_output/GCF_003994175_1_ASM399417v1_genomic.jf.
Finished job 26.
108 of 120 steps (90%) done

rule count:
    input: ../../Approved_Sequences/GCF_000740255_1_ASM74025v1_genomic.fna
    output: suis_jellyfish_output/GCF_000740255_1_ASM74025v1_genomic.jf
    jobid: 93
    reason: Missing output files: suis_jellyfish_output/GCF_000740255_1_ASM74025v1_genomic.jf
    wildcards: samples=GCF_000740255_1_ASM74025v1_genomic

Finished job 93.
109 of 120 steps (91%) done

rule dump:
    input: suis_jellyfish_output/GCF_000740255_1_ASM74025v1_genomic.jf
    output: suis_jellyfish_output/GCF_000740255_1_ASM74025v1_genomic.fna
    jobid: 34
    reason: Missing output files: suis_jellyfish_output/GCF_000740255_1_ASM74025v1_genomic.fna; Input files updated by another job: suis_jellyfish_output/GCF_000740255_1_ASM74025v1_genomic.jf
    wildcards: samples=GCF_000740255_1_ASM74025v1_genomic

Removing temporary output file suis_jellyfish_output/GCF_000740255_1_ASM74025v1_genomic.jf.
Finished job 34.
110 of 120 steps (92%) done

rule count:
    input: ../../Approved_Sequences/GCF_000742005_1_ASM74200v1_genomic.fna
    output: suis_jellyfish_output/GCF_000742005_1_ASM74200v1_genomic.jf
    jobid: 113
    reason: Missing output files: suis_jellyfish_output/GCF_000742005_1_ASM74200v1_genomic.jf
    wildcards: samples=GCF_000742005_1_ASM74200v1_genomic

Finished job 113.
111 of 120 steps (92%) done

rule dump:
    input: suis_jellyfish_output/GCF_000742005_1_ASM74200v1_genomic.jf
    output: suis_jellyfish_output/GCF_000742005_1_ASM74200v1_genomic.fna
    jobid: 54
    reason: Missing output files: suis_jellyfish_output/GCF_000742005_1_ASM74200v1_genomic.fna; Input files updated by another job: suis_jellyfish_output/GCF_000742005_1_ASM74200v1_genomic.jf
    wildcards: samples=GCF_000742005_1_ASM74200v1_genomic

Removing temporary output file suis_jellyfish_output/GCF_000742005_1_ASM74200v1_genomic.jf.
Finished job 54.
112 of 120 steps (93%) done

rule count:
    input: ../../Approved_Sequences/GCF_003994045_1_ASM399404v1_genomic.fna
    output: suis_jellyfish_output/GCF_003994045_1_ASM399404v1_genomic.jf
    jobid: 89
    reason: Missing output files: suis_jellyfish_output/GCF_003994045_1_ASM399404v1_genomic.jf
    wildcards: samples=GCF_003994045_1_ASM399404v1_genomic

Finished job 89.
113 of 120 steps (94%) done

rule dump:
    input: suis_jellyfish_output/GCF_003994045_1_ASM399404v1_genomic.jf
    output: suis_jellyfish_output/GCF_003994045_1_ASM399404v1_genomic.fna
    jobid: 30
    reason: Missing output files: suis_jellyfish_output/GCF_003994045_1_ASM399404v1_genomic.fna; Input files updated by another job: suis_jellyfish_output/GCF_003994045_1_ASM399404v1_genomic.jf
    wildcards: samples=GCF_003994045_1_ASM399404v1_genomic

Removing temporary output file suis_jellyfish_output/GCF_003994045_1_ASM399404v1_genomic.jf.
Finished job 30.
114 of 120 steps (95%) done

rule count:
    input: ../../Approved_Sequences/GCF_000209635_2_ASM20963v2_genomic.fna
    output: suis_jellyfish_output/GCF_000209635_2_ASM20963v2_genomic.jf
    jobid: 74
    reason: Missing output files: suis_jellyfish_output/GCF_000209635_2_ASM20963v2_genomic.jf
    wildcards: samples=GCF_000209635_2_ASM20963v2_genomic

Finished job 74.
115 of 120 steps (96%) done

rule dump:
    input: suis_jellyfish_output/GCF_000209635_2_ASM20963v2_genomic.jf
    output: suis_jellyfish_output/GCF_000209635_2_ASM20963v2_genomic.fna
    jobid: 15
    reason: Missing output files: suis_jellyfish_output/GCF_000209635_2_ASM20963v2_genomic.fna; Input files updated by another job: suis_jellyfish_output/GCF_000209635_2_ASM20963v2_genomic.jf
    wildcards: samples=GCF_000209635_2_ASM20963v2_genomic

Removing temporary output file suis_jellyfish_output/GCF_000209635_2_ASM20963v2_genomic.jf.
Finished job 15.
116 of 120 steps (97%) done

rule all_jellyfish_count:
    input: suis_master.fna
    output: j_all_suis.jf
    jobid: 61
    reason: Missing output files: j_all_suis.jf

Finished job 61.
117 of 120 steps (98%) done

rule all_jellyfish_dump:
    input: j_all_suis.jf
    output: j_all_suis.fna
    jobid: 2
    reason: Missing output files: j_all_suis.fna; Input files updated by another job: j_all_suis.jf

Removing temporary output file j_all_suis.jf.
Finished job 2.
118 of 120 steps (98%) done

rule jellyfish_complete:
    input: suis_jellyfish_output/GCF_000698345_1_ASM69834v1_genomic.fna, suis_jellyfish_output/GCF_000480135_1_Bruc_suis_06-997-1672_V1_genomic.fna, suis_jellyfish_output/GCF_900446145_1_59071_D01_genomic.fna, suis_jellyfish_output/GCF_001594165_1_ASM159416v1_genomic.fna, suis_jellyfish_output/GCF_000209635_2_ASM20963v2_genomic.fna, suis_jellyfish_output/GCF_000371105_1_Bruc_suis_63_198_V1_genomic.fna, suis_jellyfish_output/GCF_000366205_1_Bruc_suis_92_29_V1_genomic.fna, suis_jellyfish_output/GCF_900460605_1_58116_D02_genomic.fna, suis_jellyfish_output/GCF_000371165_1_Bruc_suis_F12_02_V1_genomic.fna, suis_jellyfish_output/GCF_000480035_1_Bruc_suis_06-791-1309_V1_genomic.fna, suis_jellyfish_output/GCF_000366265_1_Bruc_suis_CNGB_786_V1_genomic.fna, suis_jellyfish_output/GCF_000018905_1_ASM1890v1_genomic.fna, suis_jellyfish_output/GCF_003994175_1_ASM399417v1_genomic.fna, suis_jellyfish_output/GCF_000371125_1_Bruc_suis_63_261_V1_genomic.fna, suis_jellyfish_output/GCF_000007505_1_ASM750v1_genomic.fna, suis_jellyfish_output/GCF_000371225_1_Bruc_suis_F7_06-1_V1_genomic.fna, suis_jellyfish_output/GCF_000371245_1_Bruc_suis_F7_06-2_V1_genomic.fna, suis_jellyfish_output/GCF_000875695_1_ASM87569v1_genomic.fna, suis_jellyfish_output/GCF_000480315_1_Bruc_suis_06-988-1656_V1_genomic.fna, suis_jellyfish_output/GCF_000371305_1_Bruc_suis_F8_06-3_V1_genomic.fna, suis_jellyfish_output/GCF_000480055_1_Bruc_suis_04-0115_V1_genomic.fna, suis_jellyfish_output/GCF_000236255_1_ASM23625v1_genomic.fna, suis_jellyfish_output/GCF_004684165_1_ASM468416v1_genomic.fna, suis_jellyfish_output/GCF_000742005_1_ASM74200v1_genomic.fna, suis_jellyfish_output/GCF_000365565_1_Bruc_suis_F8_06-2_V1_genomic.fna, suis_jellyfish_output/GCF_003194855_1_ASM319485v1_genomic.fna, suis_jellyfish_output/GCF_002749475_1_ASM274947v1_genomic.fna, suis_jellyfish_output/GCF_000371265_1_Bruc_suis_F7_06-5_V1_genomic.fna, suis_jellyfish_output/GCF_001715425_1_ASM171542v1_genomic.fna, suis_jellyfish_output/GCF_000371185_1_Bruc_suis_5_05-10_V1_genomic.fna, suis_jellyfish_output/GCF_000365585_1_Bruc_suis_F5_03-2_V1_genomic.fna, suis_jellyfish_output/GCF_000371145_1_Bruc_suis_CNGB_247_V1_genomic.fna, suis_jellyfish_output/GCF_000701065_1_Bru1330_genomic.fna, suis_jellyfish_output/GCF_000698245_1_ASM69824v1_genomic.fna, suis_jellyfish_output/GCF_000371325_1_Bruc_suis_F9_06-1_V1_genomic.fna, suis_jellyfish_output/GCF_000331635_1_Brucella_019_genomic.fna, suis_jellyfish_output/GCF_000480195_1_Bruc_sp_04-5288_V1_genomic.fna, suis_jellyfish_output/GCF_000741995_1_ASM74199v1_genomic.fna, suis_jellyfish_output/GCF_000223195_1_ASM22319v1_genomic.fna, suis_jellyfish_output/GCF_000292105_1_ASM29210v2_genomic.fna, suis_jellyfish_output/GCF_000699025_1_ASM69902v1_genomic.fna, suis_jellyfish_output/GCF_000371285_1_Bruc_suis_F8_06-1_V1_genomic.fna, suis_jellyfish_output/GCF_000160275_1_ASM16027v1_genomic.fna, suis_jellyfish_output/GCF_000366085_1_Bruc_suis_63_252_V1_genomic.fna, suis_jellyfish_output/GCF_000365705_1_Bruc_suis_F4_06-146_V1_genomic.fna, suis_jellyfish_output/GCF_000600055_1_ASM60005v1_genomic.fna, suis_jellyfish_output/GCF_000366225_1_Bruc_suis_92_63_V1_genomic.fna, suis_jellyfish_output/GCF_000698285_1_ASM69828v1_genomic.fna, suis_jellyfish_output/GCF_000371085_1_Bruc_suis_01-5744_V1_genomic.fna, suis_jellyfish_output/GCF_000740255_1_ASM74025v1_genomic.fna, suis_jellyfish_output/GCF_000742055_1_ASM74205v1_genomic.fna, suis_jellyfish_output/GCF_000366245_1_Bruc_suis_94_11_V1_genomic.fna, suis_jellyfish_output/GCF_000292005_1_ASM29200v2_genomic.fna, suis_jellyfish_output/GCF_000698325_1_ASM69832v1_genomic.fna, suis_jellyfish_output/GCF_000371205_1_Bruc_suis_F5_05-4_V1_genomic.fna, suis_jellyfish_output/GCF_003994045_1_ASM399404v1_genomic.fna, suis_jellyfish_output/GCF_000157775_1_ASM15777v1_genomic.fna, suis_jellyfish_output/GCF_000480155_1_Bruc_suis_97-9757_V1_genomic.fna
    output: flags/suis_jellyfish_flag.txt
    jobid: 1
    reason: Missing output files: flags/suis_jellyfish_flag.txt; Input files updated by another job: suis_jellyfish_output/GCF_003194855_1_ASM319485v1_genomic.fna, suis_jellyfish_output/GCF_000157775_1_ASM15777v1_genomic.fna, suis_jellyfish_output/GCF_000480315_1_Bruc_suis_06-988-1656_V1_genomic.fna, suis_jellyfish_output/GCF_000365705_1_Bruc_suis_F4_06-146_V1_genomic.fna, suis_jellyfish_output/GCF_000366225_1_Bruc_suis_92_63_V1_genomic.fna, suis_jellyfish_output/GCF_000292105_1_ASM29210v2_genomic.fna, suis_jellyfish_output/GCF_000331635_1_Brucella_019_genomic.fna, suis_jellyfish_output/GCF_000371305_1_Bruc_suis_F8_06-3_V1_genomic.fna, suis_jellyfish_output/GCF_000236255_1_ASM23625v1_genomic.fna, suis_jellyfish_output/GCF_000292005_1_ASM29200v2_genomic.fna, suis_jellyfish_output/GCF_000698325_1_ASM69832v1_genomic.fna, suis_jellyfish_output/GCF_000018905_1_ASM1890v1_genomic.fna, suis_jellyfish_output/GCF_000209635_2_ASM20963v2_genomic.fna, suis_jellyfish_output/GCF_000371205_1_Bruc_suis_F5_05-4_V1_genomic.fna, suis_jellyfish_output/GCF_000875695_1_ASM87569v1_genomic.fna, suis_jellyfish_output/GCF_002749475_1_ASM274947v1_genomic.fna, suis_jellyfish_output/GCF_000699025_1_ASM69902v1_genomic.fna, suis_jellyfish_output/GCF_001715425_1_ASM171542v1_genomic.fna, suis_jellyfish_output/GCF_004684165_1_ASM468416v1_genomic.fna, suis_jellyfish_output/GCF_000371285_1_Bruc_suis_F8_06-1_V1_genomic.fna, suis_jellyfish_output/GCF_000365585_1_Bruc_suis_F5_03-2_V1_genomic.fna, suis_jellyfish_output/GCF_000480055_1_Bruc_suis_04-0115_V1_genomic.fna, suis_jellyfish_output/GCF_000371265_1_Bruc_suis_F7_06-5_V1_genomic.fna, suis_jellyfish_output/GCF_003994175_1_ASM399417v1_genomic.fna, suis_jellyfish_output/GCF_900460605_1_58116_D02_genomic.fna, suis_jellyfish_output/GCF_000371165_1_Bruc_suis_F12_02_V1_genomic.fna, suis_jellyfish_output/GCF_000160275_1_ASM16027v1_genomic.fna, suis_jellyfish_output/GCF_003994045_1_ASM399404v1_genomic.fna, suis_jellyfish_output/GCF_000480035_1_Bruc_suis_06-791-1309_V1_genomic.fna, suis_jellyfish_output/GCF_000366265_1_Bruc_suis_CNGB_786_V1_genomic.fna, suis_jellyfish_output/GCF_000741995_1_ASM74199v1_genomic.fna, suis_jellyfish_output/GCF_000740255_1_ASM74025v1_genomic.fna, suis_jellyfish_output/GCF_000223195_1_ASM22319v1_genomic.fna, suis_jellyfish_output/GCF_000371185_1_Bruc_suis_5_05-10_V1_genomic.fna, suis_jellyfish_output/GCF_000698285_1_ASM69828v1_genomic.fna, suis_jellyfish_output/GCF_000480195_1_Bruc_sp_04-5288_V1_genomic.fna, suis_jellyfish_output/GCF_000480155_1_Bruc_suis_97-9757_V1_genomic.fna, suis_jellyfish_output/GCF_000698345_1_ASM69834v1_genomic.fna, suis_jellyfish_output/GCF_000007505_1_ASM750v1_genomic.fna, suis_jellyfish_output/GCF_900446145_1_59071_D01_genomic.fna, suis_jellyfish_output/GCF_000366205_1_Bruc_suis_92_29_V1_genomic.fna, suis_jellyfish_output/GCF_001594165_1_ASM159416v1_genomic.fna, suis_jellyfish_output/GCF_000701065_1_Bru1330_genomic.fna, suis_jellyfish_output/GCF_000366245_1_Bruc_suis_94_11_V1_genomic.fna, suis_jellyfish_output/GCF_000366085_1_Bruc_suis_63_252_V1_genomic.fna, suis_jellyfish_output/GCF_000371145_1_Bruc_suis_CNGB_247_V1_genomic.fna, suis_jellyfish_output/GCF_000600055_1_ASM60005v1_genomic.fna, suis_jellyfish_output/GCF_000371325_1_Bruc_suis_F9_06-1_V1_genomic.fna, suis_jellyfish_output/GCF_000371085_1_Bruc_suis_01-5744_V1_genomic.fna, suis_jellyfish_output/GCF_000480135_1_Bruc_suis_06-997-1672_V1_genomic.fna, suis_jellyfish_output/GCF_000365565_1_Bruc_suis_F8_06-2_V1_genomic.fna, suis_jellyfish_output/GCF_000742005_1_ASM74200v1_genomic.fna, suis_jellyfish_output/GCF_000371225_1_Bruc_suis_F7_06-1_V1_genomic.fna, suis_jellyfish_output/GCF_000371245_1_Bruc_suis_F7_06-2_V1_genomic.fna, suis_jellyfish_output/GCF_000371105_1_Bruc_suis_63_198_V1_genomic.fna, suis_jellyfish_output/GCF_000742055_1_ASM74205v1_genomic.fna, suis_jellyfish_output/GCF_000371125_1_Bruc_suis_63_261_V1_genomic.fna, suis_jellyfish_output/GCF_000698245_1_ASM69824v1_genomic.fna

Finished job 1.
119 of 120 steps (99%) done

localrule all:
    input: j_all_suis.fna, flags/suis_jellyfish_flag.txt
    jobid: 0
    reason: Input files updated by another job: flags/suis_jellyfish_flag.txt, j_all_suis.fna

Finished job 0.
120 of 120 steps (100%) done
